<?xml version="1.0" encoding="UTF-8"?>
<!-- Generated by org.testng.reporters.JUnitXMLReporter -->
<testsuite ignored="0" hostname="DESKTOP-9CDL79C" failures="0" tests="4" name="Test" time="0.088" errors="0" timestamp="2021-02-02T08:04:33 MST">
  <testcase classname="qaclickacademy.Mavenjava.RestAPITest" name="deleteTwitter" time="0.013"/>
  <testcase classname="qaclickacademy.Mavenjava.RestAPITest" name="postJira" time="0.003"/>
  <testcase classname="qaclickacademy.Mavenjava.SeleniumTest" name="browserAutomation" time="0.005"/>
  <testcase classname="qaclickacademy.Mavenjava.SeleniumTest" name="elements" time="0.002"/>
</testsuite> <!-- Test -->
