<?xml version="1.0" encoding="UTF-8"?>
<!-- Generated by org.testng.reporters.JUnitXMLReporter -->
<testsuite ignored="0" hostname="DESKTOP-9CDL79C" failures="0" tests="6" name="Command line test" time="0.109" errors="0" timestamp="2021-01-31T17:07:09 MST">
  <testcase classname="qaclickacademy.Mavenjava.AppiumTest" name="android" time="0.01"/>
  <testcase classname="qaclickacademy.Mavenjava.AppiumTest" name="iphone" time="0.001"/>
  <testcase classname="qaclickacademy.Mavenjava.RestAPITest" name="deleteTwitter" time="0.001"/>
  <testcase classname="qaclickacademy.Mavenjava.RestAPITest" name="postJira" time="0.008"/>
  <testcase classname="qaclickacademy.Mavenjava.SeleniumTest" name="browserAutomation" time="0.0"/>
  <testcase classname="qaclickacademy.Mavenjava.SeleniumTest" name="elements" time="0.0"/>
</testsuite> <!-- Command line test -->
