<?xml version="1.0" encoding="UTF-8"?>
<!-- Generated by org.testng.reporters.JUnitXMLReporter -->
<testsuite ignored="0" hostname="DESKTOP-9CDL79C" failures="0" tests="4" name="Surefire test" time="0.121" errors="0" timestamp="2021-01-31T16:21:10 MST">
  <testcase classname="qaclickacademy.Mavenjava.AppiumTest" name="android" time="0.009"/>
  <testcase classname="qaclickacademy.Mavenjava.AppiumTest" name="iphone" time="0.001"/>
  <testcase classname="qaclickacademy.Mavenjava.SeleniumTest" name="browserAutomation" time="0.0"/>
  <testcase classname="qaclickacademy.Mavenjava.SeleniumTest" name="elements" time="0.0"/>
</testsuite> <!-- Surefire test -->
