<?xml version="1.0" encoding="UTF-8"?>
<testng-results ignored="0" total="6" passed="6" failed="0" skipped="0">
  <reporter-output>
  </reporter-output>
  <suite started-at="2021-01-31T17:07:08 MST" name="Command line suite" finished-at="2021-01-31T17:07:09 MST" duration-ms="109">
    <groups>
    </groups>
    <test started-at="2021-01-31T17:07:08 MST" name="Command line test" finished-at="2021-01-31T17:07:09 MST" duration-ms="109">
      <class name="qaclickacademy.Mavenjava.RestAPITest">
        <test-method signature="deleteTwitter()[pri:0, instance:qaclickacademy.Mavenjava.RestAPITest@276438c9]" started-at="2021-01-31T17:07:08 MST" name="deleteTwitter" finished-at="2021-01-31T17:07:08 MST" duration-ms="1" status="PASS">
          <reporter-output>
          </reporter-output>
        </test-method> <!-- deleteTwitter -->
        <test-method signature="postJira()[pri:0, instance:qaclickacademy.Mavenjava.RestAPITest@276438c9]" started-at="2021-01-31T17:07:08 MST" name="postJira" finished-at="2021-01-31T17:07:09 MST" duration-ms="8" status="PASS">
          <reporter-output>
          </reporter-output>
        </test-method> <!-- postJira -->
      </class> <!-- qaclickacademy.Mavenjava.RestAPITest -->
      <class name="qaclickacademy.Mavenjava.AppiumTest">
        <test-method signature="android()[pri:0, instance:qaclickacademy.Mavenjava.AppiumTest@40f08448]" started-at="2021-01-31T17:07:08 MST" name="android" finished-at="2021-01-31T17:07:08 MST" duration-ms="10" status="PASS">
          <reporter-output>
          </reporter-output>
        </test-method> <!-- android -->
        <test-method signature="iphone()[pri:0, instance:qaclickacademy.Mavenjava.AppiumTest@40f08448]" started-at="2021-01-31T17:07:08 MST" name="iphone" finished-at="2021-01-31T17:07:08 MST" duration-ms="1" status="PASS">
          <reporter-output>
          </reporter-output>
        </test-method> <!-- iphone -->
      </class> <!-- qaclickacademy.Mavenjava.AppiumTest -->
      <class name="qaclickacademy.Mavenjava.SeleniumTest">
        <test-method signature="browserAutomation()[pri:0, instance:qaclickacademy.Mavenjava.SeleniumTest@588df31b]" started-at="2021-01-31T17:07:09 MST" name="browserAutomation" finished-at="2021-01-31T17:07:09 MST" duration-ms="0" status="PASS">
          <reporter-output>
          </reporter-output>
        </test-method> <!-- browserAutomation -->
        <test-method signature="elements()[pri:0, instance:qaclickacademy.Mavenjava.SeleniumTest@588df31b]" started-at="2021-01-31T17:07:09 MST" name="elements" finished-at="2021-01-31T17:07:09 MST" duration-ms="0" status="PASS">
          <reporter-output>
          </reporter-output>
        </test-method> <!-- elements -->
      </class> <!-- qaclickacademy.Mavenjava.SeleniumTest -->
    </test> <!-- Command line test -->
  </suite> <!-- Command line suite -->
</testng-results>
